/work/statgrads/vpiyush2/Dualgcn_DeepCDR/MEnKF_Scripts
test_coverage0.9498151998151998
test_width7.061592000673758
rmse_test1.5683581236747093
weights
[0.12683684583081994, 0.12100210060735923, 0.5430715501440662, 0.20908950341775462]


test_coverage0.986024486024486
test_width11.395144852878826
rmse_test1.7591203226961896
weights
[0.1696977517480692, 0.5176052448091693, 0.19162221271544932, 0.12107479072731236]


test_coverage0.7261492261492262
test_width3.2305758753636993
rmse_test1.4797810481060205
weights
[0.026572940130044204, 0.08398593463238858, 0.7170188941790754, 0.17242223105849178]


test_coverage0.710960960960961
test_width3.1190527655861686
rmse_test1.4377471784796851
weights
[0.015867075414632715, 0.0409197252441488, 0.9145798247434551, 0.028633374597763408]


test_coverage0.8013398013398013
test_width3.7167059305736396
rmse_test1.4530990860478312
weights
[0.03486060759652397, 0.16069176940172128, 0.4600662597929009, 0.3443813632088539]


test_coverage0.7780665280665281
test_width3.632932147652432
rmse_test1.4272141221329884
weights
[0.020230448880637224, 0.06040913067142308, 0.893375527301873, 0.02598489314606669]


test_coverage0.7986832986832987
test_width3.6241507636753343
rmse_test1.4198622797802236
weights
[0.023439159207044712, 0.07908864165951508, 0.4485161891789467, 0.44895600995449353]


test_coverage0.7562370062370062
test_width3.34611831630337
rmse_test1.4401752561440222
weights
[0.028250679480398895, 0.06807532529214154, 0.860474219242974, 0.04319977598448566]


test_coverage1.0
test_width25.47370820981447
rmse_test1.7521033489810465
weights
[0.3993220805717304, 0.09009262359579409, 0.19039914150065276, 0.32018615433182285]


test_coverage0.9961884961884961
test_width13.51299782957035
rmse_test1.5277605223916642
weights
[0.20635370502246755, 0.19267277830234994, 0.5254461030203912, 0.07552741365479133]


test_coverage0.83997458997459
test_width4.465804054125406
rmse_test1.4756176191220052
weights
[0.015010357682633754, 0.06389760100776047, 0.23110592138334368, 0.6899861199262621]


test_coverage0.8244975744975745
test_width3.889637519234442
rmse_test1.4296935305835043
weights
[0.03234025138746806, 0.20353958079913811, 0.7019050151894417, 0.062215152623952115]


test_coverage0.9970547470547471
test_width15.804382871580376
rmse_test1.619105690163109
weights
[0.235992309513388, 0.03144424331681361, 0.7031569711472254, 0.029406476022573097]


test_coverage0.924924924924925
test_width5.794998877468393
rmse_test1.4351025312351717
weights
[0.0202198116940849, 0.06402969802887039, 0.5060414616443928, 0.40970902863265185]


test_coverage0.9218641718641719
test_width5.643933462328994
rmse_test1.438413629299156
weights
[0.0628625363966923, 0.03137182020376275, 0.4316024496946837, 0.4741631937048613]


test_coverage0.8364518364518364
test_width4.162139900275485
rmse_test1.427225121616697
weights
[0.042361580602524776, 0.030102846710054566, 0.9198796721101204, 0.007655900577300187]


test_coverage0.9987294987294987
test_width16.843583829916557
rmse_test1.606576792068592
weights
[0.23677365515892557, 0.14716575556804715, 0.6018395592095815, 0.014221030063445765]


test_coverage0.9443866943866944
test_width6.2379565474706276
rmse_test1.4375189303913503
weights
[0.0628278340202632, 0.027060114497562578, 0.3058950868700964, 0.6042169646120777]


test_coverage0.7781242781242781
test_width3.4986722818843825
rmse_test1.4049532829344025
weights
[0.012256027730744577, 0.06694427088259598, 0.9072434331286408, 0.013556268258018561]


test_coverage0.7610302610302611
test_width3.2451407540014996
rmse_test1.4125019173803854
weights
[0.030448638668559052, 0.11983978430320415, 0.7863068565945458, 0.06340472043369082]


test_coverage0.9620582120582121
test_width7.037065568269639
rmse_test1.469912704557679
weights
[0.09944416456925156, 0.05310070891439872, 0.28177952498693054, 0.5656756015294193]


test_coverage0.8623238623238624
test_width4.420240663575821
rmse_test1.4299670092366963
weights
[0.060949168374113315, 0.02126032706360174, 0.9028725833725926, 0.014917921189692354]


test_coverage0.9407484407484408
test_width6.057446476848883
rmse_test1.4270823744926326
weights
[0.07244869809559365, 0.20631146647058218, 0.27180663784889747, 0.44943319758492667]


test_coverage0.738045738045738
test_width3.1156695274907626
rmse_test1.4043126889590112
weights
[0.015914299695988558, 0.048121448883372255, 0.9115853621685427, 0.024378889252096515]


test_coverage0.8795911295911296
test_width4.7777728004365985
rmse_test1.4315769909284288
weights
[0.06643682003306431, 0.05814332338314308, 0.8456458929321923, 0.029773963651600337]


test_coverage0.7911180411180411
test_width3.5711743805264176
rmse_test1.4134622800001149
weights
[0.022748915062054398, 0.1483474006743616, 0.6796440575747402, 0.14925962668884396]


test_coverage0.7992607992607993
test_width3.6995111390313724
rmse_test1.408460316841614
weights
[0.04029768305533972, 0.1406607878143676, 0.7956185076824879, 0.0234230214478048]


test_coverage0.868098868098868
test_width4.516442553301125
rmse_test1.4220598680701568
weights
[0.022768592683235896, 0.38979032336127867, 0.45802600459556725, 0.12941507935991817]


test_coverage0.851986601986602
test_width4.3671023918837
rmse_test1.4116167593911606
weights
[0.03564876310066382, 0.019710865347428764, 0.9351905515584464, 0.009449819993461018]


test_coverage1.0
test_width26.974846405712757
rmse_test1.648471388784708
weights
[0.3853857193454887, 0.24872565888452577, 0.3442186082898284, 0.021670013480157145]


test_coverage0.8685031185031185
test_width4.431739440897329
rmse_test1.4248914979390663
weights
[0.029490994292548027, 0.020882871640319278, 0.3147688680259966, 0.634857266041136]


test_coverage0.9584199584199584
test_width6.5529639323867
rmse_test1.4455430300192413
weights
[0.030012166389118328, 0.06571709658253327, 0.31762359675473056, 0.5866471402736178]


test_coverage0.9946869946869947
test_width11.292087917797984
rmse_test1.5276026530526239
weights
[0.12186225995499542, 0.22220761461154212, 0.6435424575269479, 0.012387667906514584]


test_coverage0.8714483714483714
test_width4.643349964438591
rmse_test1.4198723582321482
weights
[0.019521910916478334, 0.4008728359344094, 0.5278072470836392, 0.05179800606547305]


test_coverage0.840956340956341
test_width4.286149349690585
rmse_test1.4153227223706184
weights
[0.008610827857877718, 0.2872493774769333, 0.6877067418321521, 0.016433052833036914]


test_coverage0.8631901131901132
test_width4.549775571452818
rmse_test1.4141305902695813
weights
[0.05046197178651452, 0.04847229292645962, 0.7428115763204775, 0.15825415896654843]


test_coverage0.7692307692307693
test_width3.264533378666477
rmse_test1.3977098625615891
weights
[0.012543372425779733, 0.10003164951614667, 0.7205637745100936, 0.16686120354797998]


test_coverage0.9917994917994918
test_width10.553946059109563
rmse_test1.4383996682447069
weights
[0.16053650316684195, 0.2095834389931237, 0.6025695064067483, 0.027310551433286003]


test_coverage0.8040540540540541
test_width3.7084738431613693
rmse_test1.4085694115807543
weights
[0.023847699952495513, 0.02295417504850561, 0.9464965674706901, 0.006701557528308701]


test_coverage0.8568376068376068
test_width4.38580570370342
rmse_test1.3957761805427678
weights
[0.041940765978428836, 0.07582680587347579, 0.8207675201829447, 0.06146490796515064]


test_coverage0.9000924000924001
test_width4.880208297086694
rmse_test1.4009301995737993
weights
[0.03915066113509148, 0.11873703702766676, 0.2834952937472938, 0.558617008089948]


test_coverage0.7864980364980365
test_width3.6102402166760204
rmse_test1.3983603376080824
weights
[0.020459761443850075, 0.04271481498218551, 0.7435589277128147, 0.19326649586114983]


test_coverage0.867925617925618
test_width4.470457248213958
rmse_test1.4016906241146734
weights
[0.051691936815578966, 0.08709352263636383, 0.8350932341500524, 0.026121306398004744]


test_coverage0.9404019404019404
test_width6.4716130515068
rmse_test1.4463465749228128
weights
[0.06726981584753189, 0.06167536961295589, 0.8647997944644793, 0.006255020075032963]


test_coverage0.9334719334719335
test_width5.9661614697548435
rmse_test1.4361348784556394
weights
[0.061527242116049194, 0.5607465929655957, 0.33344628565714407, 0.044279879261211]


test_coverage0.8862901362901363
test_width4.838097820628677
rmse_test1.4151999101946764
weights
[0.027347092014862674, 0.28425968765051596, 0.648395074266537, 0.03999814606808434]


test_coverage0.7751790251790251
test_width3.4123825584704353
rmse_test1.3885535576326007
weights
[0.023389506614248132, 0.05827035805416363, 0.9079763669580606, 0.010363768373527635]


test_coverage0.995899745899746
test_width11.612636298979783
rmse_test1.4935238914067932
weights
[0.12249119524602507, 0.6756958232281908, 0.18972942042014004, 0.012083561105644208]


test_coverage0.8583391083391083
test_width4.48292473007136
rmse_test1.4103913527010066
weights
[0.014123604366164019, 0.04592123109774969, 0.9018526694556953, 0.03810249508039095]


test_coverage0.9263109263109263
test_width5.560586313417042
rmse_test1.3868089201303713
weights
[0.044146570475900045, 0.020985967473359565, 0.9322841204220522, 0.0025833416286881713]


