/work/statgrads/vpiyush2/Dualgcn_DeepCDR
train_width17.143383423469977
test_width17.136502775421498
pearson0.8405449240721343
rmse_train1.4575137507543396
rmse_test1.5347102102755834
train_coverage1.0
test_coverage0.9997112497112497
train_width32.73540616595364
test_width32.82415300674412
pearson0.7873925536738304
rmse_train1.7054204316826953
rmse_test1.7477477640313934
train_coverage1.0
test_coverage1.0
train_width15.485870603803368
test_width15.56518936441152
pearson0.8430363348603321
rmse_train1.4993687954275665
rmse_test1.529182072040292
train_coverage0.9996
test_coverage0.9996534996534997
train_width17.056881620761253
test_width16.98375595150647
pearson0.8342713724570848
rmse_train1.5178832962907907
rmse_test1.562694755712531
train_coverage1.0
test_coverage0.9998267498267498
train_width6.930958242430366
test_width6.950724804352401
pearson0.8444138147583453
rmse_train1.5109765409358011
rmse_test1.5208428232337374
train_coverage0.9616
test_coverage0.9613074613074613
train_width61.73231262436172
test_width62.47861195623947
pearson0.7161590888175349
rmse_train2.01378783832649
rmse_test2.0040603115478826
train_coverage1.0
test_coverage1.0
train_width9.938748372624172
test_width10.031069760314628
pearson0.8453489470531015
rmse_train1.4673376952804555
rmse_test1.515558247830319
train_coverage0.9872
test_coverage0.9863709863709864
train_width15.749862496029612
test_width15.667326628151988
pearson0.8407238195379907
rmse_train1.4658381721371074
rmse_test1.5344899860993668
train_coverage0.9996
test_coverage0.9993647493647494
train_width82.09132548668683
test_width81.45977495808957
pearson0.7910261106180007
rmse_train1.9069179120516586
rmse_test1.9114887185677356
train_coverage1.0
test_coverage1.0
train_width29.350452598953787
test_width29.258599130010996
pearson0.827008239936084
rmse_train1.5541917790362425
rmse_test1.5968776882208164
train_coverage1.0
test_coverage1.0
train_width10.006389104440771
test_width9.89531806919527
pearson0.8455948862406051
rmse_train1.4360595586634806
rmse_test1.5135881414023118
train_coverage0.992
test_coverage0.9893739893739893
train_width14.543789302103105
test_width14.561113261726982
pearson0.8401510340778008
rmse_train1.4758011419132406
rmse_test1.5408463604843374
train_coverage0.9984
test_coverage0.9977477477477478
train_width20.810210281095376
test_width20.66072517666549
pearson0.8387341255081484
rmse_train1.4852831730660592
rmse_test1.5487170743618535
train_coverage1.0
test_coverage1.0
train_width6.5578056574197365
test_width6.53580899994101
pearson0.8449076345700861
rmse_train1.4465865183995592
rmse_test1.5147173980308706
train_coverage0.946
test_coverage0.9393624393624393
train_width10.230788475759804
test_width10.254010011057892
pearson0.8453136162920005
rmse_train1.475184455102828
rmse_test1.516648838005787
train_coverage0.9884
test_coverage0.9927234927234927
train_width13.501707945224608
test_width13.443335574633194
pearson0.8427653381461595
rmse_train1.4823136225438842
rmse_test1.5240556069691924
train_coverage0.998
test_coverage0.9974012474012474
train_width21.22910206245837
test_width21.281944784842782
pearson0.8407323929896571
rmse_train1.5383248821989732
rmse_test1.5511940986507855
train_coverage1.0
test_coverage0.9999422499422499
train_width10.748649693446731
test_width10.66377952105242
pearson0.8463675275932141
rmse_train1.4299072248298972
rmse_test1.5108026598916788
train_coverage0.9964
test_coverage0.9938207438207438
train_width16.49843112808431
test_width16.5334461699919
pearson0.8408655992192663
rmse_train1.4712242230486012
rmse_test1.5324561837742865
train_coverage0.9996
test_coverage0.9998267498267498
train_width4.698425618752959
test_width4.6662137911265065
pearson0.8468380457173723
rmse_train1.4645965446635747
rmse_test1.5068720117204497
train_coverage0.86
test_coverage0.8422845922845923
train_width55.228454598216025
test_width55.46243528236213
pearson0.7616007329098168
rmse_train1.7989505232661949
rmse_test1.8390236389707022
train_coverage1.0
test_coverage1.0
train_width17.302114145896006
test_width17.229395298703853
pearson0.8407141102414226
rmse_train1.4905359091783559
rmse_test1.5330623011960314
train_coverage0.998
test_coverage0.9990759990759991
train_width10.87399547368443
test_width10.912376361185732
pearson0.8439503178043726
rmse_train1.424645568313271
rmse_test1.5281667852535035
train_coverage0.9968
test_coverage0.9949179949179949
train_width12.133732472544505
test_width12.18323708464232
pearson0.8435987758929493
rmse_train1.4064235169787918
rmse_test1.52502373385908
train_coverage0.9988
test_coverage0.9976322476322477
train_width13.729734010977648
test_width13.682534361296755
pearson0.8407847196111453
rmse_train1.4642944192087213
rmse_test1.5343072697255409
train_coverage0.9992
test_coverage0.9988449988449989
train_width4.65686541464294
test_width4.66585038406481
pearson0.8457439364575906
rmse_train1.4849257849505841
rmse_test1.5114843878792203
train_coverage0.8536
test_coverage0.8430930930930931
train_width65.96506016181715
test_width65.61744753380522
pearson0.7967776460958046
rmse_train1.6577888505952505
rmse_test1.7108441745425644
train_coverage1.0
test_coverage1.0
train_width5.390814088806532
test_width5.339891319318273
pearson0.8455447626044725
rmse_train1.4651171212749485
rmse_test1.5117033556028208
train_coverage0.91
test_coverage0.9061561561561562
train_width18.755936863860082
test_width18.871557248780135
pearson0.8357803665381291
rmse_train1.534548432566655
rmse_test1.5551813375678745
train_coverage0.9992
test_coverage0.9997112497112497
train_width7.027065400765723
test_width7.0508946831193695
pearson0.8444756436003333
rmse_train1.460898031585636
rmse_test1.5214520173809354
train_coverage0.9696
test_coverage0.9627512127512128
train_width8.394896333911026
test_width8.413599521602654
pearson0.8416328075457371
rmse_train1.5009341367148292
rmse_test1.5339149204075704
train_coverage0.9664
test_coverage0.967024717024717
train_width4.583181232289121
test_width4.486459119557309
pearson0.8444022829906602
rmse_train1.5103432358700144
rmse_test1.517540546997443
train_coverage0.8612
test_coverage0.8531416031416031
train_width6.683155043741767
test_width6.724641778028498
pearson0.8459274989488272
rmse_train1.4583292757587603
rmse_test1.5111289115476287
train_coverage0.9552
test_coverage0.9481404481404482
train_width8.830312607237138
test_width8.921346289874583
pearson0.8455833081991733
rmse_train1.4361208724066514
rmse_test1.5134069116144928
train_coverage0.9848
test_coverage0.978978978978979
train_width13.606392098981491
test_width13.671965019191536
pearson0.8415541402732721
rmse_train1.48449474691138
rmse_test1.5298647528398865
train_coverage0.9976
test_coverage0.9980942480942481
train_width4.224565101689744
test_width4.163082047146869
pearson0.8459979101759272
rmse_train1.4594943818328707
rmse_test1.5106506033024374
train_coverage0.8004
test_coverage0.7911757911757912
train_width5.092364702800019
test_width5.070125012712855
pearson0.8450438585435466
rmse_train1.408977778567342
rmse_test1.514450158542173
train_coverage0.8972
test_coverage0.891949641949642
train_width13.28405528193459
test_width13.137121296701409
pearson0.8394493865013275
rmse_train1.472839705684532
rmse_test1.5412092707131502
train_coverage0.9976
test_coverage0.9958419958419958
train_width15.478619030140887
test_width15.480227463037705
pearson0.8417844080109461
rmse_train1.4696166338974659
rmse_test1.5307384022778268
train_coverage0.9992
test_coverage0.998960498960499
train_width9.113707761906134
test_width9.148145998937064
pearson0.8441153804160161
rmse_train1.4598495333226331
rmse_test1.5189782846220525
train_coverage0.9888
test_coverage0.983945483945484
train_width8.027805312977387
test_width8.000428683258756
pearson0.8442448623371697
rmse_train1.4345147165951093
rmse_test1.5219108803341546
train_coverage0.984
test_coverage0.9775352275352275
train_width19.64522371724855
test_width19.49950668144496
pearson0.8420809334813022
rmse_train1.471889654964808
rmse_test1.5283403862956393
train_coverage1.0
test_coverage0.9995379995379995
train_width19.072306808143065
test_width19.065730832589274
pearson0.8412063527299075
rmse_train1.4653178146947123
rmse_test1.5360669234514541
train_coverage0.9996
test_coverage0.9997689997689998
train_width7.683149427896304
test_width7.707703557932917
pearson0.8454692403859208
rmse_train1.4938815775976388
rmse_test1.5181046232304838
train_coverage0.9664
test_coverage0.9713559713559714
train_width4.769069455081207
test_width4.78347723092364
pearson0.8461943390287519
rmse_train1.4504647715085865
rmse_test1.5111437563571304
train_coverage0.8872
test_coverage0.8782051282051282
train_width6.4659271511829735
test_width6.46603371338277
pearson0.8438083213180357
rmse_train1.4341445744108
rmse_test1.5218584383947864
train_coverage0.9556
test_coverage0.9499306999306999
train_width10.574515561296302
test_width10.581193489102896
pearson0.8435319897415388
rmse_train1.4872431180824905
rmse_test1.5229729578755942
train_coverage0.992
test_coverage0.9915107415107415
train_width5.120520061911876
test_width5.09357060365234
pearson0.845903956100814
rmse_train1.4874613112943171
rmse_test1.5106748927219387
train_coverage0.9056
test_coverage0.9005544005544005
train_width4.3578413804831175
test_width4.313794923402864
pearson0.8430226421224075
rmse_train1.5123061670417457
rmse_test1.5257973954667998
train_coverage0.8248
test_coverage0.8038808038808039
train_width6.57417994483394
test_width6.584960087253547
pearson0.8466493704096143
rmse_train1.5003229324519514
rmse_test1.5089237182932635
train_coverage0.9532
test_coverage0.9497574497574498
best_train_width       16.193721
best_coverage_train     0.968072
best_rmse_train         1.507824
best_test_width        16.183603
best_coverage_test      0.965420
best_rmse_test          1.558310
best_pearson_r          0.835575
dtype: float64
